<?xml version="1.0" encoding="UTF-8"?>
<testng-results skipped="0" failed="0" ignored="0" total="3" passed="3">
  <reporter-output>
  </reporter-output>
  <suite name="Default suite" duration-ms="55996" started-at="2020-10-23T10:26:11Z" finished-at="2020-10-23T10:27:07Z">
    <groups>
    </groups>
    <test name="Default test" duration-ms="55996" started-at="2020-10-23T10:26:11Z" finished-at="2020-10-23T10:27:07Z">
      <class name="com.training.sanity.tests.UNF055Test">
        <test-method status="PASS" signature="setUpBeforeClass()[pri:0, instance:com.training.sanity.tests.UNF055Test@5c7fa833]" name="setUpBeforeClass" is-config="true" duration-ms="29" started-at="2020-10-23T15:56:11Z" finished-at="2020-10-23T15:56:11Z">
          <reporter-output>
          </reporter-output>
        </test-method> <!-- setUpBeforeClass -->
        <test-method status="PASS" signature="setUp()[pri:0, instance:com.training.sanity.tests.UNF055Test@5c7fa833]" name="setUp" is-config="true" duration-ms="20463" started-at="2020-10-23T15:56:11Z" finished-at="2020-10-23T15:56:32Z">
          <reporter-output>
          </reporter-output>
        </test-method> <!-- setUp -->
        <test-method status="PASS" signature="LoginAsAdmin(java.lang.String, java.lang.String)[pri:0, instance:com.training.sanity.tests.UNF055Test@5c7fa833]" name="LoginAsAdmin" duration-ms="9641" started-at="2020-10-23T15:56:32Z" data-provider="xls-inputs" finished-at="2020-10-23T15:56:42Z">
          <params>
            <param index="0">
              <value>
                <![CDATA[admin]]>
              </value>
            </param>
            <param index="1">
              <value>
                <![CDATA[admin@123]]>
              </value>
            </param>
          </params>
          <reporter-output>
          </reporter-output>
        </test-method> <!-- LoginAsAdmin -->
        <test-method status="PASS" signature="addManufacturer()[pri:1, instance:com.training.sanity.tests.UNF055Test@5c7fa833]" name="addManufacturer" duration-ms="8479" started-at="2020-10-23T15:56:42Z" depends-on-methods="com.training.sanity.tests.UNF055Test.LoginAsAdmin" finished-at="2020-10-23T15:56:50Z">
          <reporter-output>
          </reporter-output>
        </test-method> <!-- addManufacturer -->
        <test-method status="PASS" signature="addProduct()[pri:2, instance:com.training.sanity.tests.UNF055Test@5c7fa833]" name="addProduct" duration-ms="14606" started-at="2020-10-23T15:56:50Z" depends-on-methods="com.training.sanity.tests.UNF055Test.addManufacturer" finished-at="2020-10-23T15:57:05Z">
          <reporter-output>
          </reporter-output>
        </test-method> <!-- addProduct -->
        <test-method status="PASS" signature="tearDown()[pri:0, instance:com.training.sanity.tests.UNF055Test@5c7fa833]" name="tearDown" is-config="true" duration-ms="2102" started-at="2020-10-23T15:57:05Z" finished-at="2020-10-23T15:57:07Z">
          <reporter-output>
          </reporter-output>
        </test-method> <!-- tearDown -->
      </class> <!-- com.training.sanity.tests.UNF055Test -->
    </test> <!-- Default test -->
  </suite> <!-- Default suite -->
</testng-results>
