<?xml version="1.0" encoding="UTF-8"?>
<testng-results skipped="0" failed="1" ignored="0" total="9" passed="8">
  <reporter-output>
  </reporter-output>
  <suite name="Sample test Suite" duration-ms="143736" started-at="2020-10-18T14:17:42Z" finished-at="2020-10-18T14:20:06Z">
    <groups>
    </groups>
    <test name="UNF055" duration-ms="43815" started-at="2020-10-18T14:17:42Z" finished-at="2020-10-18T14:18:26Z">
      <class name="com.training.sanity.tests.UNF055Test">
        <test-method status="PASS" signature="setUpBeforeClass()[pri:0, instance:com.training.sanity.tests.UNF055Test@5c7fa833]" name="setUpBeforeClass" is-config="true" duration-ms="52" started-at="2020-10-18T19:47:42Z" finished-at="2020-10-18T19:47:42Z">
          <reporter-output>
          </reporter-output>
        </test-method> <!-- setUpBeforeClass -->
        <test-method status="PASS" signature="setUp()[pri:0, instance:com.training.sanity.tests.UNF055Test@5c7fa833]" name="setUp" is-config="true" duration-ms="20168" started-at="2020-10-18T19:47:42Z" finished-at="2020-10-18T19:48:02Z">
          <reporter-output>
          </reporter-output>
        </test-method> <!-- setUp -->
        <test-method status="PASS" signature="LoginAsAdmin(java.lang.String, java.lang.String)[pri:0, instance:com.training.sanity.tests.UNF055Test@5c7fa833]" name="LoginAsAdmin" duration-ms="5542" started-at="2020-10-18T19:48:03Z" data-provider="xls-inputs" finished-at="2020-10-18T19:48:09Z">
          <params>
            <param index="0">
              <value>
                <![CDATA[admin]]>
              </value>
            </param>
            <param index="1">
              <value>
                <![CDATA[admin@123]]>
              </value>
            </param>
          </params>
          <reporter-output>
          </reporter-output>
        </test-method> <!-- LoginAsAdmin -->
        <test-method status="PASS" signature="addManufacturer()[pri:1, instance:com.training.sanity.tests.UNF055Test@5c7fa833]" name="addManufacturer" duration-ms="5293" started-at="2020-10-18T19:48:09Z" finished-at="2020-10-18T19:48:14Z">
          <reporter-output>
          </reporter-output>
        </test-method> <!-- addManufacturer -->
        <test-method status="PASS" signature="addProduct()[pri:2, instance:com.training.sanity.tests.UNF055Test@5c7fa833]" name="addProduct" duration-ms="9370" started-at="2020-10-18T19:48:14Z" finished-at="2020-10-18T19:48:23Z">
          <reporter-output>
          </reporter-output>
        </test-method> <!-- addProduct -->
        <test-method status="PASS" signature="tearDown()[pri:0, instance:com.training.sanity.tests.UNF055Test@5c7fa833]" name="tearDown" is-config="true" duration-ms="2504" started-at="2020-10-18T19:48:23Z" finished-at="2020-10-18T19:48:26Z">
          <reporter-output>
          </reporter-output>
        </test-method> <!-- tearDown -->
      </class> <!-- com.training.sanity.tests.UNF055Test -->
    </test> <!-- UNF055 -->
    <test name="UNF056" duration-ms="60522" started-at="2020-10-18T14:18:26Z" finished-at="2020-10-18T14:19:27Z">
      <class name="com.training.sanity.tests.UNF056Test">
        <test-method status="PASS" signature="setUpBeforeClass()[pri:0, instance:com.training.sanity.tests.UNF056Test@68c4039c]" name="setUpBeforeClass" is-config="true" duration-ms="2" started-at="2020-10-18T19:48:26Z" finished-at="2020-10-18T19:48:26Z">
          <reporter-output>
          </reporter-output>
        </test-method> <!-- setUpBeforeClass -->
        <test-method status="PASS" signature="setUp()[pri:0, instance:com.training.sanity.tests.UNF056Test@68c4039c]" name="setUp" is-config="true" duration-ms="12858" started-at="2020-10-18T19:48:26Z" finished-at="2020-10-18T19:48:39Z">
          <reporter-output>
          </reporter-output>
        </test-method> <!-- setUp -->
        <test-method status="PASS" signature="LoginAsAdmin(java.lang.String, java.lang.String)[pri:0, instance:com.training.sanity.tests.UNF056Test@68c4039c]" name="LoginAsAdmin" duration-ms="4158" started-at="2020-10-18T19:48:39Z" data-provider="xls-inputs" finished-at="2020-10-18T19:48:44Z">
          <params>
            <param index="0">
              <value>
                <![CDATA[admin]]>
              </value>
            </param>
            <param index="1">
              <value>
                <![CDATA[admin@123]]>
              </value>
            </param>
          </params>
          <reporter-output>
          </reporter-output>
        </test-method> <!-- LoginAsAdmin -->
        <test-method status="PASS" signature="editDataOfProduct()[pri:1, instance:com.training.sanity.tests.UNF056Test@68c4039c]" name="editDataOfProduct" duration-ms="9398" started-at="2020-10-18T19:48:44Z" finished-at="2020-10-18T19:48:53Z">
          <reporter-output>
          </reporter-output>
        </test-method> <!-- editDataOfProduct -->
        <test-method status="FAIL" signature="addDiscountToProduct()[pri:2, instance:com.training.sanity.tests.UNF056Test@68c4039c]" name="addDiscountToProduct" duration-ms="31264" started-at="2020-10-18T19:48:53Z" finished-at="2020-10-18T19:49:24Z">
          <exception class="org.openqa.selenium.ElementNotInteractableException">
            <message>
              <![CDATA[element not interactable
  (Session info: chrome=86.0.4240.75)
Build info: version: '3.6.0', revision: '6fbf3ec767', time: '2017-09-27T15:28:36.4Z'
System info: host: 'NIKHIL', ip: '192.168.43.176', os.name: 'Windows 10', os.arch: 'amd64', os.version: '10.0', java.version: '1.8.0_121'
Driver info: org.openqa.selenium.chrome.ChromeDriver
Capabilities [{networkConnectionEnabled=false, chrome={chromedriverVersion=85.0.4183.87 (cd6713ebf92fa1cacc0f1a598df280093af0c5d7-refs/branch-heads/4183@{#1689}), userDataDir=C:\Users\Nikhil\AppData\Local\Temp\scoped_dir13608_1310686895}, timeouts={implicit=0, pageLoad=300000, script=30000}, pageLoadStrategy=normal, unhandledPromptBehavior=dismiss and notify, strictFileInteractability=false, platform=WINDOWS, proxy=Proxy(), goog:chromeOptions={debuggerAddress=localhost:60588}, acceptInsecureCerts=false, browserVersion=86.0.4240.75, browserName=chrome, javascriptEnabled=true, platformName=WINDOWS, setWindowRect=true, webauthn:virtualAuthenticators=true}]
Session ID: bd7edf7bf65e91f29aed84b4bbcd59e6]]>
            </message>
            <full-stacktrace>
              <![CDATA[org.openqa.selenium.ElementNotInteractableException: element not interactable
  (Session info: chrome=86.0.4240.75)
Build info: version: '3.6.0', revision: '6fbf3ec767', time: '2017-09-27T15:28:36.4Z'
System info: host: 'NIKHIL', ip: '192.168.43.176', os.name: 'Windows 10', os.arch: 'amd64', os.version: '10.0', java.version: '1.8.0_121'
Driver info: org.openqa.selenium.chrome.ChromeDriver
Capabilities [{networkConnectionEnabled=false, chrome={chromedriverVersion=85.0.4183.87 (cd6713ebf92fa1cacc0f1a598df280093af0c5d7-refs/branch-heads/4183@{#1689}), userDataDir=C:\Users\Nikhil\AppData\Local\Temp\scoped_dir13608_1310686895}, timeouts={implicit=0, pageLoad=300000, script=30000}, pageLoadStrategy=normal, unhandledPromptBehavior=dismiss and notify, strictFileInteractability=false, platform=WINDOWS, proxy=Proxy(), goog:chromeOptions={debuggerAddress=localhost:60588}, acceptInsecureCerts=false, browserVersion=86.0.4240.75, browserName=chrome, javascriptEnabled=true, platformName=WINDOWS, setWindowRect=true, webauthn:virtualAuthenticators=true}]
Session ID: bd7edf7bf65e91f29aed84b4bbcd59e6
	at sun.reflect.NativeConstructorAccessorImpl.newInstance0(Native Method)
	at sun.reflect.NativeConstructorAccessorImpl.newInstance(NativeConstructorAccessorImpl.java:62)
	at sun.reflect.DelegatingConstructorAccessorImpl.newInstance(DelegatingConstructorAccessorImpl.java:45)
	at java.lang.reflect.Constructor.newInstance(Constructor.java:423)
	at org.openqa.selenium.remote.http.W3CHttpResponseCodec.createException(W3CHttpResponseCodec.java:185)
	at org.openqa.selenium.remote.http.W3CHttpResponseCodec.decode(W3CHttpResponseCodec.java:120)
	at org.openqa.selenium.remote.http.W3CHttpResponseCodec.decode(W3CHttpResponseCodec.java:49)
	at org.openqa.selenium.remote.HttpCommandExecutor.execute(HttpCommandExecutor.java:164)
	at org.openqa.selenium.remote.service.DriverCommandExecutor.execute(DriverCommandExecutor.java:83)
	at org.openqa.selenium.remote.RemoteWebDriver.execute(RemoteWebDriver.java:586)
	at org.openqa.selenium.remote.RemoteWebElement.execute(RemoteWebElement.java:279)
	at org.openqa.selenium.remote.RemoteWebElement.click(RemoteWebElement.java:83)
	at sun.reflect.NativeMethodAccessorImpl.invoke0(Native Method)
	at sun.reflect.NativeMethodAccessorImpl.invoke(NativeMethodAccessorImpl.java:62)
	at sun.reflect.DelegatingMethodAccessorImpl.invoke(DelegatingMethodAccessorImpl.java:43)
	at java.lang.reflect.Method.invoke(Method.java:498)
	at org.openqa.selenium.support.pagefactory.internal.LocatingElementHandler.invoke(LocatingElementHandler.java:51)
	at com.sun.proxy.$Proxy10.click(Unknown Source)
	at com.training.pom.ProductsPOM.selectCurrentDate(ProductsPOM.java:130)
	at com.training.sanity.tests.UNF056Test.addDiscountToProduct(UNF056Test.java:85)
	at sun.reflect.NativeMethodAccessorImpl.invoke0(Native Method)
	at sun.reflect.NativeMethodAccessorImpl.invoke(NativeMethodAccessorImpl.java:62)
	at sun.reflect.DelegatingMethodAccessorImpl.invoke(DelegatingMethodAccessorImpl.java:43)
	at java.lang.reflect.Method.invoke(Method.java:498)
	at org.testng.internal.MethodInvocationHelper.invokeMethod(MethodInvocationHelper.java:108)
	at org.testng.internal.Invoker.invokeMethod(Invoker.java:661)
	at org.testng.internal.Invoker.invokeTestMethod(Invoker.java:869)
	at org.testng.internal.Invoker.invokeTestMethods(Invoker.java:1193)
	at org.testng.internal.TestMethodWorker.invokeTestMethods(TestMethodWorker.java:126)
	at org.testng.internal.TestMethodWorker.run(TestMethodWorker.java:109)
	at org.testng.TestRunner.privateRun(TestRunner.java:744)
	at org.testng.TestRunner.run(TestRunner.java:602)
	at org.testng.SuiteRunner.runTest(SuiteRunner.java:380)
	at org.testng.SuiteRunner.runSequentially(SuiteRunner.java:375)
	at org.testng.SuiteRunner.privateRun(SuiteRunner.java:340)
	at org.testng.SuiteRunner.run(SuiteRunner.java:289)
	at org.testng.SuiteRunnerWorker.runSuite(SuiteRunnerWorker.java:52)
	at org.testng.SuiteRunnerWorker.run(SuiteRunnerWorker.java:86)
	at org.testng.TestNG.runSuitesSequentially(TestNG.java:1301)
	at org.testng.TestNG.runSuitesLocally(TestNG.java:1226)
	at org.testng.TestNG.runSuites(TestNG.java:1144)
	at org.testng.TestNG.run(TestNG.java:1115)
	at org.testng.remote.AbstractRemoteTestNG.run(AbstractRemoteTestNG.java:126)
	at org.testng.remote.RemoteTestNG.initAndRun(RemoteTestNG.java:152)
	at org.testng.remote.RemoteTestNG.main(RemoteTestNG.java:57)
]]>
            </full-stacktrace>
          </exception> <!-- org.openqa.selenium.ElementNotInteractableException -->
          <reporter-output>
          </reporter-output>
        </test-method> <!-- addDiscountToProduct -->
        <test-method status="PASS" signature="tearDown()[pri:0, instance:com.training.sanity.tests.UNF056Test@68c4039c]" name="tearDown" is-config="true" duration-ms="2354" started-at="2020-10-18T19:49:24Z" finished-at="2020-10-18T19:49:27Z">
          <reporter-output>
          </reporter-output>
        </test-method> <!-- tearDown -->
      </class> <!-- com.training.sanity.tests.UNF056Test -->
    </test> <!-- UNF056 -->
    <test name="UNF057" duration-ms="39124" started-at="2020-10-18T14:19:27Z" finished-at="2020-10-18T14:20:06Z">
      <class name="com.training.sanity.tests.UNF057Test">
        <test-method status="PASS" signature="setUpBeforeClass()[pri:0, instance:com.training.sanity.tests.UNF057Test@1e88b3c]" name="setUpBeforeClass" is-config="true" duration-ms="2" started-at="2020-10-18T19:49:27Z" finished-at="2020-10-18T19:49:27Z">
          <reporter-output>
          </reporter-output>
        </test-method> <!-- setUpBeforeClass -->
        <test-method status="PASS" signature="setUp()[pri:0, instance:com.training.sanity.tests.UNF057Test@1e88b3c]" name="setUp" is-config="true" duration-ms="15094" started-at="2020-10-18T19:49:27Z" finished-at="2020-10-18T19:49:42Z">
          <reporter-output>
          </reporter-output>
        </test-method> <!-- setUp -->
        <test-method status="PASS" signature="LoginAsAdmin(java.lang.String, java.lang.String)[pri:0, instance:com.training.sanity.tests.UNF057Test@1e88b3c]" name="LoginAsAdmin" duration-ms="5840" started-at="2020-10-18T19:49:42Z" data-provider="xls-inputs" finished-at="2020-10-18T19:49:48Z">
          <params>
            <param index="0">
              <value>
                <![CDATA[admin]]>
              </value>
            </param>
            <param index="1">
              <value>
                <![CDATA[admin@123]]>
              </value>
            </param>
          </params>
          <reporter-output>
          </reporter-output>
        </test-method> <!-- LoginAsAdmin -->
        <test-method status="PASS" signature="editDataAndLinksOfProduct()[pri:1, instance:com.training.sanity.tests.UNF057Test@1e88b3c]" name="editDataAndLinksOfProduct" duration-ms="8700" started-at="2020-10-18T19:49:48Z" finished-at="2020-10-18T19:49:57Z">
          <reporter-output>
          </reporter-output>
        </test-method> <!-- editDataAndLinksOfProduct -->
        <test-method status="PASS" signature="addDiscountToProduct()[pri:2, instance:com.training.sanity.tests.UNF057Test@1e88b3c]" name="addDiscountToProduct" duration-ms="6741" started-at="2020-10-18T19:49:57Z" finished-at="2020-10-18T19:50:03Z">
          <reporter-output>
          </reporter-output>
        </test-method> <!-- addDiscountToProduct -->
        <test-method status="PASS" signature="tearDown()[pri:0, instance:com.training.sanity.tests.UNF057Test@1e88b3c]" name="tearDown" is-config="true" duration-ms="2393" started-at="2020-10-18T19:50:03Z" finished-at="2020-10-18T19:50:06Z">
          <reporter-output>
          </reporter-output>
        </test-method> <!-- tearDown -->
      </class> <!-- com.training.sanity.tests.UNF057Test -->
    </test> <!-- UNF057 -->
  </suite> <!-- Sample test Suite -->
</testng-results>
