<?xml version="1.0" encoding="UTF-8"?>
<!-- Generated by org.testng.reporters.JUnitXMLReporter -->
<testsuite hostname="NIKHIL" ignored="0" name="Default test" tests="3" failures="0" timestamp="23 Oct 2020 10:27:07 GMT" time="55.996" errors="0">
  <testcase name="LoginAsAdmin" time="9.641" classname="com.training.sanity.tests.UNF055Test"/>
  <testcase name="addManufacturer" time="8.479" classname="com.training.sanity.tests.UNF055Test"/>
  <testcase name="addProduct" time="14.606" classname="com.training.sanity.tests.UNF055Test"/>
</testsuite> <!-- Default test -->
