<?xml version="1.0" encoding="UTF-8"?>
<!-- Generated by org.testng.reporters.JUnitXMLReporter -->
<testsuite hostname="NIKHIL" ignored="0" name="UNF057" tests="3" failures="0" timestamp="18 Oct 2020 14:20:06 GMT" time="39.124" errors="0">
  <testcase name="LoginAsAdmin" time="5.84" classname="com.training.sanity.tests.UNF057Test"/>
  <testcase name="editDataAndLinksOfProduct" time="8.7" classname="com.training.sanity.tests.UNF057Test"/>
  <testcase name="addDiscountToProduct" time="6.741" classname="com.training.sanity.tests.UNF057Test"/>
</testsuite> <!-- UNF057 -->
