<?xml version="1.0" encoding="UTF-8"?>
<!-- Generated by org.testng.reporters.JUnitXMLReporter -->
<testsuite hostname="NIKHIL" ignored="0" name="UNF055" tests="3" failures="0" timestamp="18 Oct 2020 14:18:26 GMT" time="43.815" errors="0">
  <testcase name="LoginAsAdmin" time="5.542" classname="com.training.sanity.tests.UNF055Test"/>
  <testcase name="addManufacturer" time="5.293" classname="com.training.sanity.tests.UNF055Test"/>
  <testcase name="addProduct" time="9.37" classname="com.training.sanity.tests.UNF055Test"/>
</testsuite> <!-- UNF055 -->
